2012-10-26 16:47:09: {=====}{=====}Project===start
2012-10-26 16:47:09: 1{=====}0{=====}Project===start===1
2012-10-26 16:47:09: 1{=====}http://tv.youku.com/search/index/_page40177_2_cmodid_40177{=====}start
2012-10-26 16:47:10: 1{=====}http://tv.youku.com/search/index/_page40177_2_cmodid_40177{=====}List===start
2012-10-26 16:47:10: 1{=====}tv.youku.com/search/index/_page40177_2_cmodid_40177{=====}View===start
2012-10-26 16:47:11: 1{=====}http://v.youku.com/v_show/id_XNDY3MDE1OTM2.html{=====}ViewList===start
2012-10-26 16:47:12: 1{=====}http://v.youku.com/v_show/id_XMjgxMDc5Mzg0.html{=====}ViewList===start
2012-10-26 16:47:13: 1{=====}http://v.youku.com/v_show/id_XMjgxMDgwNjY0.html{=====}ViewList===start
2012-10-26 16:47:14: 1{=====}http://v.youku.com/v_show/id_XMjgxMDgxMzgw.html{=====}ViewList===start
2012-10-26 16:47:15: 1{=====}http://v.youku.com/v_show/id_XMjgxMDgxOTcy.html{=====}ViewList===start
2012-10-26 16:47:16: 1{=====}http://v.youku.com/v_show/id_XMjgxMDgzMDky.html{=====}ViewList===start
2012-10-26 16:47:16: 1{=====}http://v.youku.com/v_show/id_XMjgxMDgzNjQ4.html{=====}ViewList===start
2012-10-26 16:47:17: 1{=====}http://v.youku.com/v_show/id_XMjgxMDg0NDA4.html{=====}ViewList===start
2012-10-26 16:47:18: 1{=====}http://v.youku.com/v_show/id_XMjgxMDg1MDY0.html{=====}ViewList===start
2012-10-26 16:47:19: 1{=====}http://v.youku.com/v_show/id_XMjgxMDg1ODgw.html{=====}ViewList===start
2012-10-26 16:47:19: 1{=====}http://v.youku.com/v_show/id_XMjgxMDgwMTgw.html{=====}ViewList===start
2012-10-26 16:47:20: 1{=====}http://v.youku.com/v_show/id_XMjgxMDg2MjI0.html{=====}ViewList===start
2012-10-26 16:47:21: 1{=====}http://v.youku.com/v_show/id_XMjgxMDg2ODA0.html{=====}ViewList===start
2012-10-26 16:47:22: 1{=====}http://v.youku.com/v_show/id_XMjgxMDg3Mzg0.html{=====}ViewList===start
2012-10-26 16:47:23: 1{=====}http://v.youku.com/v_show/id_XMjgxMDg4MDYw.html{=====}ViewList===start
2012-10-26 16:47:23: 1{=====}http://v.youku.com/v_show/id_XMjgxMDg4NzY4.html{=====}ViewList===start
2012-10-26 16:47:24: 1{=====}http://v.youku.com/v_show/id_XNDY3MDIwNjU2.html{=====}ViewList===start
2012-10-26 16:47:24: 1{=====}http://v.youku.com/v_show/id_XMjgxMDg5MzEy.html{=====}ViewList===start
2012-10-26 16:47:25: 1{=====}http://v.youku.com/v_show/id_XMjgxMDkwMTc2.html{=====}ViewList===start
2012-10-26 16:47:25: 1{=====}http://v.youku.com/v_show/id_XNDY3MDE3MTY0.html{=====}ViewList===start
2012-10-26 16:47:26: 1{=====}http://v.youku.com/v_show/id_XMjgxMDkwNTI0.html{=====}ViewList===start
2012-10-26 16:47:26: 1{=====}http://v.youku.com/v_show/id_XMjgxMDkxNTQw.html{=====}ViewList===start
2012-10-26 16:47:27: 1{=====}http://v.youku.com/v_show/id_XMjgxMDkyMDk2.html{=====}ViewList===start
2012-10-26 16:47:27: 1{=====}http://v.youku.com/v_show/id_XMjgxMDkyNjYw.html{=====}ViewList===start
2012-10-26 16:47:28: 1{=====}http://v.youku.com/v_show/id_XMjgxMDkyOTY0.html{=====}ViewList===start
2012-10-26 16:47:28: 1{=====}http://v.youku.com/v_show/id_XMjgxMDkzNTE2.html{=====}ViewList===start
2012-10-26 16:47:29: 1{=====}http://www.youku.com/show_page/id_z7a42b8b2ff8311df97c0.html{=====}View===start
2012-10-26 16:47:31: 1{=====}http://v.youku.com/v_show/id_XMzExNjM0Mzk2.html{=====}ViewList===start
2012-10-26 16:47:31: 1{=====}http://v.youku.com/v_show/id_XMzExOTM4OTAw.html{=====}ViewList===start
2012-10-26 16:47:32: 1{=====}http://v.youku.com/v_show/id_XMzEyMTk5NTg4.html{=====}ViewList===start
2012-10-26 16:47:32: 1{=====}http://v.youku.com/v_show/id_XMzEyNTA4MzI0.html{=====}ViewList===start
2012-10-26 16:47:33: 1{=====}http://v.youku.com/v_show/id_XMzEyODE5OTE2.html{=====}ViewList===start
2012-10-26 16:47:33: 1{=====}http://v.youku.com/v_show/id_XMzEzNzI4MTg0.html{=====}ViewList===start
2012-10-26 16:47:34: 1{=====}http://v.youku.com/v_show/id_XMzE0MDI1MTE2.html{=====}ViewList===start
2012-10-26 16:47:34: 1{=====}http://v.youku.com/v_show/id_XMzE0MzE0NDky.html{=====}ViewList===start
2012-10-26 16:47:35: 1{=====}http://v.youku.com/v_show/id_XMzE0NjE2NjQ0.html{=====}ViewList===start
2012-10-26 16:47:36: 1{=====}http://v.youku.com/v_show/id_XMzE0OTI5NDgw.html{=====}ViewList===start
2012-10-26 16:47:36: 1{=====}http://v.youku.com/v_show/id_XMzE1ODk1OTk2.html{=====}ViewList===start
2012-10-26 16:47:37: 1{=====}http://v.youku.com/v_show/id_XMzE2MjAzODAw.html{=====}ViewList===start
2012-10-26 16:47:37: 1{=====}http://v.youku.com/v_show/id_XMzE2NDk3Nzky.html{=====}ViewList===start
2012-10-26 16:47:37: 1{=====}http://v.youku.com/v_show/id_XMzE2ODExMDgw.html{=====}ViewList===start
2012-10-26 16:47:38: 1{=====}http://v.youku.com/v_show/id_XMzE4NDcyNTAw.html{=====}ViewList===start
2012-10-26 16:47:38: 1{=====}http://v.youku.com/v_show/id_XMzE4NzkzNTA0.html{=====}ViewList===start
2012-10-26 16:47:38: 1{=====}http://v.youku.com/v_show/id_XMzE5MTA1MzY0.html{=====}ViewList===start
2012-10-26 16:47:39: 1{=====}http://v.youku.com/v_show/id_XMzE5NDM4NzY4.html{=====}ViewList===start
2012-10-26 16:47:39: 1{=====}http://v.youku.com/v_show/id_XMzIwNDQzMjE2.html{=====}ViewList===start
2012-10-26 16:47:40: 1{=====}http://v.youku.com/v_show/id_XMzIwNzYxMDM2.html{=====}ViewList===start
2012-10-26 16:47:41: 1{=====}http://v.youku.com/v_show/id_XMzIxMDY4ODY4.html{=====}ViewList===start
2012-10-26 16:47:41: 1{=====}http://v.youku.com/v_show/id_XMzIxMzg4Mjg4.html{=====}ViewList===start
2012-10-26 16:47:41: 1{=====}http://v.youku.com/v_show/id_XMzIxNjUzMTg0.html{=====}ViewList===start
2012-10-26 16:47:42: 1{=====}http://v.youku.com/v_show/id_XMzIyNTgyODM2.html{=====}ViewList===start
2012-10-26 16:47:42: 1{=====}http://v.youku.com/v_show/id_XMzIyOTEwNjcy.html{=====}ViewList===start
2012-10-26 16:47:43: 1{=====}http://v.youku.com/v_show/id_XMzIzMjQxNzky.html{=====}ViewList===start
2012-10-26 16:47:43: 1{=====}http://v.youku.com/v_show/id_XMzIzNTIwMzY0.html{=====}ViewList===start
2012-10-26 16:47:44: 1{=====}http://v.youku.com/v_show/id_XMzIzODI0OTQw.html{=====}ViewList===start
2012-10-26 16:47:44: 1{=====}http://v.youku.com/v_show/id_XMzI0NDY3NjI0.html{=====}ViewList===start
2012-10-26 16:47:45: 1{=====}http://v.youku.com/v_show/id_XMzI0NDc1NjIw.html{=====}ViewList===start
2012-10-26 16:47:45: 1{=====}http://www.youku.com/show_page/id_z82e6d7acdb7211e0a046.html{=====}View===start
2012-10-26 16:47:46: 1{=====}http://v.youku.com/v_show/id_XNDM4NjE1MzQw.html{=====}ViewList===start
2012-10-26 16:47:46: 1{=====}http://v.youku.com/v_show/id_XNDM4NjI2MDQ4.html{=====}ViewList===start
2012-10-26 16:47:47: 1{=====}http://v.youku.com/v_show/id_XNDM4NjM1NDYw.html{=====}ViewList===start
2012-10-26 16:47:47: 1{=====}http://v.youku.com/v_show/id_XNDM4NjQwMTgw.html{=====}ViewList===start
2012-10-26 16:47:48: 1{=====}http://v.youku.com/v_show/id_XNDM4NjQ3OTM2.html{=====}ViewList===start
2012-10-26 16:47:48: 1{=====}http://v.youku.com/v_show/id_XNDM4NjUyNTA0.html{=====}ViewList===start
2012-10-26 16:47:48: 1{=====}http://v.youku.com/v_show/id_XNDM4NjYxNzEy.html{=====}ViewList===start
2012-10-26 16:47:49: 1{=====}http://v.youku.com/v_show/id_XNDM4NjcyMDAw.html{=====}ViewList===start
2012-10-26 16:47:49: 1{=====}http://v.youku.com/v_show/id_XNDM4Njc4MTg0.html{=====}ViewList===start
2012-10-26 16:47:50: 1{=====}http://v.youku.com/v_show/id_XNDM4Njg0MTUy.html{=====}ViewList===start
2012-10-26 16:47:50: 1{=====}http://v.youku.com/v_show/id_XNDM4Njg3MzEy.html{=====}ViewList===start
2012-10-26 16:47:51: 1{=====}http://v.youku.com/v_show/id_XNDM4ODYyOTYw.html{=====}ViewList===start
2012-10-26 16:47:51: 1{=====}http://v.youku.com/v_show/id_XNDM4ODY2NjQw.html{=====}ViewList===start
2012-10-26 16:47:52: 1{=====}http://v.youku.com/v_show/id_XNDM4ODcxMTM2.html{=====}ViewList===start
2012-10-26 16:47:52: 1{=====}http://v.youku.com/v_show/id_XNDM4ODc1MjI0.html{=====}ViewList===start
2012-10-26 16:47:53: 1{=====}http://v.youku.com/v_show/id_XNDM4ODc5Nzg0.html{=====}ViewList===start
2012-10-26 16:47:54: 1{=====}http://v.youku.com/v_show/id_XNDM4ODkxMzY4.html{=====}ViewList===start
2012-10-26 16:47:54: 1{=====}http://v.youku.com/v_show/id_XNDM4OTAxNjAw.html{=====}ViewList===start
2012-10-26 16:47:55: 1{=====}http://v.youku.com/v_show/id_XNDM4OTA2ODMy.html{=====}ViewList===start
2012-10-26 16:47:55: 1{=====}http://v.youku.com/v_show/id_XNDM4OTEyMzM2.html{=====}ViewList===start
2012-10-26 16:47:55: 1{=====}http://v.youku.com/v_show/id_XNDM4OTE2NDY0.html{=====}ViewList===start
2012-10-26 16:47:56: 1{=====}http://v.youku.com/v_show/id_XNDM4OTIyNDg4.html{=====}ViewList===start
2012-10-26 16:47:56: 1{=====}http://v.youku.com/v_show/id_XNDM5Nzg0NzA4.html{=====}ViewList===start
2012-10-26 16:47:57: 1{=====}http://v.youku.com/v_show/id_XNDM5Nzk0NTI4.html{=====}ViewList===start
2012-10-26 16:47:57: 1{=====}http://www.youku.com/show_page/id_zb74f6cccfc2311df97c0.html{=====}View===start
2012-10-26 16:47:59: 1{=====}http://v.youku.com/v_show/id_XMzI2MDY5MjQ4.html{=====}ViewList===start
2012-10-26 16:47:59: 1{=====}http://v.youku.com/v_show/id_XMzI2MDcxMTMy.html{=====}ViewList===start
2012-10-26 16:48:00: 1{=====}http://v.youku.com/v_show/id_XMzI2MDczODEy.html{=====}ViewList===start
2012-10-26 16:48:00: 1{=====}http://v.youku.com/v_show/id_XMzI2MDc2NDcy.html{=====}ViewList===start
2012-10-26 16:48:01: 1{=====}http://v.youku.com/v_show/id_XMzI2MDc4ODA0.html{=====}ViewList===start
2012-10-26 16:48:01: 1{=====}http://v.youku.com/v_show/id_XMzI2MDgwNjQw.html{=====}ViewList===start
2012-10-26 16:48:01: 1{=====}http://v.youku.com/v_show/id_XMzI2MDgyNTU2.html{=====}ViewList===start
2012-10-26 16:48:02: 1{=====}http://v.youku.com/v_show/id_XMzI2MDg0MzY4.html{=====}ViewList===start
2012-10-26 16:48:02: 1{=====}http://v.youku.com/v_show/id_XMzI2MDg1OTY4.html{=====}ViewList===start
2012-10-26 16:48:03: 1{=====}http://v.youku.com/v_show/id_XMzI2MDg3OTU2.html{=====}ViewList===start
2012-10-26 16:48:03: 1{=====}http://v.youku.com/v_show/id_XMzI2MDkxMDg4.html{=====}ViewList===start
2012-10-26 16:48:04: 1{=====}http://v.youku.com/v_show/id_XMzI2MDkzMTUy.html{=====}ViewList===start
2012-10-26 16:48:04: 1{=====}http://v.youku.com/v_show/id_XMzI2MDk1MzE2.html{=====}ViewList===start
2012-10-26 16:48:05: 1{=====}http://v.youku.com/v_show/id_XMzI2MDk3NzY0.html{=====}ViewList===start
2012-10-26 16:48:05: 1{=====}http://v.youku.com/v_show/id_XMzI2MDk4OTUy.html{=====}ViewList===start
2012-10-26 16:48:06: 1{=====}http://v.youku.com/v_show/id_XMzI2MTAxMDYw.html{=====}ViewList===start
2012-10-26 16:48:06: 1{=====}http://v.youku.com/v_show/id_XMzI2MTQ0MTU2.html{=====}ViewList===start
2012-10-26 16:48:07: 1{=====}http://v.youku.com/v_show/id_XMzI2MTQ3Mjc2.html{=====}ViewList===start
2012-10-26 16:48:07: 1{=====}http://v.youku.com/v_show/id_XMzI2MTUwNzQ4.html{=====}ViewList===start
2012-10-26 16:48:08: 1{=====}http://v.youku.com/v_show/id_XMzI2MTUyNzk2.html{=====}ViewList===start
2012-10-26 16:48:09: 1{=====}http://v.youku.com/v_show/id_XMzI2MTU1MDYw.html{=====}ViewList===start
2012-10-26 16:48:09: 1{=====}http://v.youku.com/v_show/id_XMzI2MTU2NzI0.html{=====}ViewList===start
2012-10-26 16:48:10: 1{=====}http://v.youku.com/v_show/id_XMzI2MTU5MzU2.html{=====}ViewList===start
2012-10-26 16:48:10: 1{=====}http://v.youku.com/v_show/id_XMzI2MTYzMzA0.html{=====}ViewList===start
2012-10-26 16:48:11: 1{=====}http://v.youku.com/v_show/id_XMzI2MTY3MjY4.html{=====}ViewList===start
2012-10-26 16:48:11: 1{=====}http://v.youku.com/v_show/id_XMzI2MTcwMDE2.html{=====}ViewList===start
2012-10-26 16:48:11: 1{=====}http://v.youku.com/v_show/id_XMzI2MTcwNjAw.html{=====}ViewList===start
2012-10-26 16:48:12: 1{=====}http://v.youku.com/v_show/id_XMzI2MTc5NTEy.html{=====}ViewList===start
2012-10-26 16:48:12: 1{=====}http://v.youku.com/v_show/id_XMzI2MTgxNjAw.html{=====}ViewList===start
2012-10-26 16:48:13: 1{=====}http://v.youku.com/v_show/id_XMzI2MTg0MTA4.html{=====}ViewList===start
2012-10-26 16:48:13: 1{=====}http://v.youku.com/v_show/id_XMzI2MTg1OTk2.html{=====}ViewList===start
2012-10-26 16:48:14: 1{=====}http://v.youku.com/v_show/id_XMzI2MTg4MzU2.html{=====}ViewList===start
2012-10-26 16:48:14: 1{=====}http://v.youku.com/v_show/id_XMzI2MTkwMDI0.html{=====}ViewList===start
2012-10-26 16:48:15: 1{=====}http://www.youku.com/show_page/id_z2436c47e8a9511e1b16f.html{=====}View===start
2012-10-26 16:48:16: 1{=====}http://v.youku.com/v_show/id_XNDYzNDE5NjQ4.html{=====}ViewList===start
2012-10-26 16:48:17: 1{=====}http://v.youku.com/v_show/id_XNDY2NTQ4NDU2.html{=====}ViewList===start
2012-10-26 16:48:17: 1{=====}http://www.youku.com/show_page/id_zcbfb715e962411de83b1.html{=====}View===start
2012-10-26 16:48:18: 1{=====}http://v.youku.com/v_show/id_XMTAyMDIyNzY4.html{=====}ViewList===start
2012-10-26 16:48:18: 1{=====}http://v.youku.com/v_show/id_XMTAyMDIzMDI4.html{=====}ViewList===start
2012-10-26 16:48:19: 1{=====}http://v.youku.com/v_show/id_XMTAyMDIzMzUy.html{=====}ViewList===start
2012-10-26 16:48:19: 1{=====}http://v.youku.com/v_show/id_XMTAyMDIzNjg4.html{=====}ViewList===start
2012-10-26 16:48:20: 1{=====}http://v.youku.com/v_show/id_XMTAyMDI0MDI4.html{=====}ViewList===start
2012-10-26 16:48:20: 1{=====}http://v.youku.com/v_show/id_XMTAyMDI0NDQw.html{=====}ViewList===start
2012-10-26 16:48:21: 1{=====}http://v.youku.com/v_show/id_XMTAyMDI0ODg4.html{=====}ViewList===start
2012-10-26 16:48:21: 1{=====}http://v.youku.com/v_show/id_XMTAyMDI1MTk2.html{=====}ViewList===start
2012-10-26 16:48:21: 1{=====}http://v.youku.com/v_show/id_XMTAyMDI1NDE2.html{=====}ViewList===start
2012-10-26 16:48:22: 1{=====}http://v.youku.com/v_show/id_XMTAyMDI1NjQw.html{=====}ViewList===start
2012-10-26 16:48:22: 1{=====}http://v.youku.com/v_show/id_XMTAyMDI1OTI0.html{=====}ViewList===start
2012-10-26 16:48:23: 1{=====}http://v.youku.com/v_show/id_XMTAyMDI2MTcy.html{=====}ViewList===start
2012-10-26 16:48:23: 1{=====}http://v.youku.com/v_show/id_XMTAyMDI2NDQ0.html{=====}ViewList===start
2012-10-26 16:48:24: 1{=====}http://v.youku.com/v_show/id_XMTAyMDI2NjA0.html{=====}ViewList===start
2012-10-26 16:48:24: 1{=====}http://v.youku.com/v_show/id_XMTAyMDI2NzI4.html{=====}ViewList===start
2012-10-26 16:48:25: 1{=====}http://v.youku.com/v_show/id_XMTAyMDI2OTA4.html{=====}ViewList===start
2012-10-26 16:48:25: 1{=====}http://v.youku.com/v_show/id_XMTAyMDI3MDIw.html{=====}ViewList===start
2012-10-26 16:48:25: 1{=====}http://v.youku.com/v_show/id_XNjEzNTMwMjg=.html{=====}ViewList===start
2012-10-26 16:48:26: 1{=====}http://v.youku.com/v_show/id_XMTAyMDI3MjA0.html{=====}ViewList===start
2012-10-26 16:48:26: 1{=====}http://v.youku.com/v_show/id_XMTAyMDI3Mjg4.html{=====}ViewList===start
2012-10-26 16:48:27: 1{=====}http://v.youku.com/v_show/id_XMTAyMDI3NDIw.html{=====}ViewList===start
2012-10-26 16:48:27: 1{=====}http://v.youku.com/v_show/id_XMTAyMDI3NjE2.html{=====}ViewList===start
2012-10-26 16:48:28: 1{=====}http://v.youku.com/v_show/id_XMTAyMDI3NzUy.html{=====}ViewList===start
2012-10-26 16:48:28: 1{=====}http://v.youku.com/v_show/id_XMTAyMDI3ODU2.html{=====}ViewList===start
2012-10-26 16:48:29: 1{=====}http://v.youku.com/v_show/id_XMTAyMDI4MDUy.html{=====}ViewList===start
2012-10-26 16:48:29: 1{=====}http://v.youku.com/v_show/id_XMTAyMDI4MjUy.html{=====}ViewList===start
2012-10-26 16:48:30: 1{=====}http://v.youku.com/v_show/id_XMTAyMDI4NDg4.html{=====}ViewList===start
2012-10-26 16:48:31: 1{=====}http://v.youku.com/v_show/id_XMTAyMDI4NjYw.html{=====}ViewList===start
2012-10-26 16:48:31: 1{=====}http://v.youku.com/v_show/id_XMTAyMDI4ODM2.html{=====}ViewList===start
2012-10-26 16:48:32: 1{=====}http://v.youku.com/v_show/id_XMTAyMDI5MDEy.html{=====}ViewList===start
2012-10-26 16:48:32: 1{=====}http://www.youku.com/show_page/id_z65975c12df6911e0a046.html{=====}View===start
2012-10-26 16:48:33: 1{=====}http://v.youku.com/v_show/id_XNDM5MDU1MDE2.html{=====}ViewList===start
2012-10-26 16:48:34: 1{=====}http://v.youku.com/v_show/id_XNDM5MDY1MzUy.html{=====}ViewList===start
2012-10-26 16:48:34: 1{=====}http://v.youku.com/v_show/id_XNDM5MDc4NTE2.html{=====}ViewList===start
2012-10-26 16:48:35: 1{=====}http://v.youku.com/v_show/id_XNDM5MDg1ODQ4.html{=====}ViewList===start
2012-10-26 16:48:35: 1{=====}http://v.youku.com/v_show/id_XNDM5MTAzMDg4.html{=====}ViewList===start
2012-10-26 16:48:35: 1{=====}http://v.youku.com/v_show/id_XNDM5MTIyODg4.html{=====}ViewList===start
2012-10-26 16:48:36: 1{=====}http://v.youku.com/v_show/id_XNDM5MTMxMzg4.html{=====}ViewList===start
2012-10-26 16:48:36: 1{=====}http://v.youku.com/v_show/id_XNDM5MTUwNjQw.html{=====}ViewList===start
2012-10-26 16:48:37: 1{=====}http://v.youku.com/v_show/id_XNDM5MTY1Mjg0.html{=====}ViewList===start
2012-10-26 16:48:38: 1{=====}http://v.youku.com/v_show/id_XNDM5MTc0NDA0.html{=====}ViewList===start
2012-10-26 16:48:38: 1{=====}http://v.youku.com/v_show/id_XNDM5MTgxODc2.html{=====}ViewList===start
2012-10-26 16:48:39: 1{=====}http://v.youku.com/v_show/id_XNDM5MTg5MDM2.html{=====}ViewList===start
2012-10-26 16:48:39: 1{=====}http://v.youku.com/v_show/id_XNDM5MTkzODIw.html{=====}ViewList===start
2012-10-26 16:48:40: 1{=====}http://v.youku.com/v_show/id_XNDM5MTk5MDg0.html{=====}ViewList===start
2012-10-26 16:48:41: 1{=====}http://v.youku.com/v_show/id_XNDM5MjAzMTc2.html{=====}ViewList===start
2012-10-26 16:48:41: 1{=====}http://v.youku.com/v_show/id_XNDM5MjA2NTY4.html{=====}ViewList===start
2012-10-26 16:48:42: 1{=====}http://v.youku.com/v_show/id_XNDM5MjA5Njg0.html{=====}ViewList===start
2012-10-26 16:48:42: 1{=====}http://v.youku.com/v_show/id_XNDM5MjEyMjA4.html{=====}ViewList===start
2012-10-26 16:48:43: 1{=====}http://v.youku.com/v_show/id_XNDM5MjE0MTg4.html{=====}ViewList===start
2012-10-26 16:48:43: 1{=====}http://v.youku.com/v_show/id_XNDM5MjE2MzEy.html{=====}ViewList===start
2012-10-26 16:48:44: 1{=====}http://v.youku.com/v_show/id_XNDM5MjE4MjUy.html{=====}ViewList===start
2012-10-26 16:48:44: 1{=====}http://v.youku.com/v_show/id_XNDM5MjE5OTEy.html{=====}ViewList===start
2012-10-26 16:48:45: 1{=====}http://www.youku.com/show_page/id_zcbffdc08962411de83b1.html{=====}View===start
2012-10-26 16:48:46: 1{=====}http://v.youku.com/v_show/id_XMTU5NzI1NTQ0.html{=====}ViewList===start
2012-10-26 16:48:46: 1{=====}http://v.youku.com/v_show/id_XMTU5NzI1NTQ4.html{=====}ViewList===start
2012-10-26 16:48:46: 1{=====}http://v.youku.com/v_show/id_XMTU5NzI1NTY0.html{=====}ViewList===start
2012-10-26 16:48:47: 1{=====}http://v.youku.com/v_show/id_XMTU5NzI1NTY4.html{=====}ViewList===start
2012-10-26 16:48:47: 1{=====}http://v.youku.com/v_show/id_XMTU5NzI1NTc2.html{=====}ViewList===start
2012-10-26 16:48:48: 1{=====}http://v.youku.com/v_show/id_XMTU5NzI1NTgw.html{=====}ViewList===start
2012-10-26 16:48:49: 1{=====}http://v.youku.com/v_show/id_XMTU5NzI1NTky.html{=====}ViewList===start
2012-10-26 16:48:49: 1{=====}http://v.youku.com/v_show/id_XMTU5NzI1NTg0.html{=====}ViewList===start
2012-10-26 16:48:49: 1{=====}http://v.youku.com/v_show/id_XMTU5NzI1NTk2.html{=====}ViewList===start
2012-10-26 16:48:50: 1{=====}http://v.youku.com/v_show/id_XMTU5NzI1NjAw.html{=====}ViewList===start
2012-10-26 16:48:50: 1{=====}http://v.youku.com/v_show/id_XMTU5NzI1NTcy.html{=====}ViewList===start
2012-10-26 16:48:51: 1{=====}http://v.youku.com/v_show/id_XMTU5NzI1NTU2.html{=====}ViewList===start
2012-10-26 16:48:51: 1{=====}http://v.youku.com/v_show/id_XMTU5NzI1NTUy.html{=====}ViewList===start
2012-10-26 16:48:52: 1{=====}http://v.youku.com/v_show/id_XMTU5NzI1NTYw.html{=====}ViewList===start
2012-10-26 16:48:53: 1{=====}http://v.youku.com/v_show/id_XMTU5NzI1NTMy.html{=====}ViewList===start
2012-10-26 16:48:54: 1{=====}http://v.youku.com/v_show/id_XMTU5NzI1NTQw.html{=====}ViewList===start
2012-10-26 16:48:54: 1{=====}http://v.youku.com/v_show/id_XMTU5NzI1NTM2.html{=====}ViewList===start
2012-10-26 16:48:55: 1{=====}http://v.youku.com/v_show/id_XMTU5NzI1NTI4.html{=====}ViewList===start
2012-10-26 16:48:55: 1{=====}http://v.youku.com/v_show/id_XMTU5NzI1NTI0.html{=====}ViewList===start
2012-10-26 16:48:56: 1{=====}http://v.youku.com/v_show/id_XMTU5NzI1NTIw.html{=====}ViewList===start
2012-10-26 16:48:56: 1{=====}http://v.youku.com/v_show/id_XMTU5NzI1MzM2.html{=====}ViewList===start
2012-10-26 16:48:56: 1{=====}http://v.youku.com/v_show/id_XMTU5NzI1MzEy.html{=====}ViewList===start
2012-10-26 16:48:57: 1{=====}http://v.youku.com/v_show/id_XMTU5NzI1MzIw.html{=====}ViewList===start
2012-10-26 16:48:58: 1{=====}http://v.youku.com/v_show/id_XMTU5NzI1MzE2.html{=====}ViewList===start
2012-10-26 16:48:58: 1{=====}http://v.youku.com/v_show/id_XMTU5NzI1MzAw.html{=====}ViewList===start
2012-10-26 16:48:59: 1{=====}http://v.youku.com/v_show/id_XMTU5NzI1MzA0.html{=====}ViewList===start
2012-10-26 16:48:59: 1{=====}http://v.youku.com/v_show/id_XMTU5NzI1Mjky.html{=====}ViewList===start
2012-10-26 16:49:00: 1{=====}http://v.youku.com/v_show/id_XMTU5NzI1Mjg4.html{=====}ViewList===start
2012-10-26 16:49:00: 1{=====}http://v.youku.com/v_show/id_XMTU5NzI1MzA4.html{=====}ViewList===start
2012-10-26 16:50:21: {=====}{=====}Project===start
2012-10-26 16:50:21: 17{=====}0{=====}Project===start===1
2012-10-26 16:50:21: 17{=====}http://movie.youku.com/search/index2/_page63561_34_cmodid_63561{=====}start
2012-10-26 16:50:21: 17{=====}http://movie.youku.com/search/index2/_page63561_34_cmodid_63561{=====}List===start
2012-10-26 16:50:21: 17{=====}movie.youku.com/search/index2/_page63561_34_cmodid_63561{=====}View===start
2012-10-26 16:50:23: 17{=====}http://v.youku.com/v_show/id_XMzY0OTE0NTUy.html{=====}View===start
2012-10-26 16:50:23: 17{=====}91228638{=====}ViewList===start
2012-10-26 16:50:23: 17{=====}http://v.youku.com/v_show/id_XMzIwNDUwMDk2.html{=====}View===start
2012-10-26 16:50:24: 17{=====}80112524{=====}ViewList===start
2012-10-26 16:50:24: 17{=====}http://v.youku.com/v_show/id_XMzIzODI5MzIw.html{=====}View===start
2012-10-26 16:50:25: 17{=====}80957330{=====}ViewList===start
2012-10-26 16:50:25: 17{=====}http://v.youku.com/v_show/id_XMjM2MDYwOTAw.html{=====}View===start
2012-10-26 16:50:25: 17{=====}59015225{=====}ViewList===start
2012-10-26 16:50:25: 17{=====}http://v.youku.com/v_show/id_XMjc5ODMyOTky.html{=====}View===start
2012-10-26 16:50:26: 17{=====}69958248{=====}ViewList===start
2012-10-26 16:50:26: 17{=====}http://v.youku.com/v_show/id_XNzE5OTIwNjQ=.html{=====}View===start
2012-10-26 16:50:27: 17{=====}17998016{=====}ViewList===start
2012-10-26 16:50:27: 17{=====}http://v.youku.com/v_show/id_XMTg5MzY2OTMy.html{=====}View===start
2012-10-26 16:50:27: 17{=====}47341733{=====}ViewList===start
2012-10-26 16:50:27: 17{=====}http://v.youku.com/v_show/id_XMTgzNDEzNTMy.html{=====}View===start
2012-10-26 16:50:28: 17{=====}45853383{=====}ViewList===start
2012-10-26 16:50:28: 17{=====}http://v.youku.com/v_show/id_XMzQxNzc4MTA0.html{=====}View===start
2012-10-26 16:50:29: 17{=====}85444526{=====}ViewList===start
2012-10-26 16:50:29: 17{=====}http://v.youku.com/v_show/id_XMzU3OTM4NDcy.html{=====}View===start
2012-10-26 16:50:30: 17{=====}89484618{=====}ViewList===start
2012-10-26 16:50:30: 17{=====}http://v.youku.com/v_show/id_XMzI0ODAzNTAw.html{=====}View===start
2012-10-26 16:50:31: 17{=====}81200875{=====}ViewList===start
2012-10-26 16:50:31: 17{=====}http://v.youku.com/v_show/id_XMzQxNzY5MzIw.html{=====}View===start
2012-10-26 16:50:31: 17{=====}85442330{=====}ViewList===start
2012-10-26 16:50:31: 17{=====}http://v.youku.com/v_show/id_XNDIxNjg4NDY0.html{=====}View===start
2012-10-26 16:50:32: 17{=====}105422116{=====}ViewList===start
2012-10-26 16:50:32: 17{=====}http://v.youku.com/v_show/id_XMTgzNDI2MjA0.html{=====}View===start
2012-10-26 16:50:33: 17{=====}45856551{=====}ViewList===start
2012-10-26 16:50:33: 17{=====}http://v.youku.com/v_show/id_XMTA2MzkwMzMy.html{=====}View===start
2012-10-26 16:50:34: 17{=====}26597583{=====}ViewList===start
2012-10-26 16:50:34: 17{=====}http://v.youku.com/v_show/id_XMjA3MDExNzQw.html{=====}View===start
2012-10-26 16:50:35: 17{=====}51752935{=====}ViewList===start
2012-10-26 16:50:35: 17{=====}http://v.youku.com/v_show/id_XMzQxNDc5NDY4.html{=====}View===start
2012-10-26 16:50:35: 17{=====}85369867{=====}ViewList===start
2012-10-26 16:50:35: 17{=====}http://v.youku.com/v_show/id_XNDMxODA4NjI4.html{=====}View===start
2012-10-26 16:50:36: 17{=====}107952157{=====}ViewList===start
2012-10-26 16:50:36: 17{=====}http://v.youku.com/v_show/id_XMTk2ODY3MDY0.html{=====}View===start
2012-10-26 16:50:37: 17{=====}49216766{=====}ViewList===start
2012-10-26 16:50:37: 17{=====}http://v.youku.com/v_show/id_XMzY4NjEyNTQ0.html{=====}View===start
2012-10-26 16:50:38: 17{=====}92153136{=====}ViewList===start
2012-10-26 16:50:38: 17{=====}http://v.youku.com/v_show/id_XMzU3OTQ1ODE2.html{=====}View===start
2012-10-26 16:50:38: 17{=====}89486454{=====}ViewList===start
2012-10-26 16:50:38: 17{=====}http://v.youku.com/v_show/id_XMjQwMzQxMTcy.html{=====}View===start
2012-10-26 16:50:39: 17{=====}60085293{=====}ViewList===start
2012-10-26 16:50:39: 17{=====}http://v.youku.com/v_show/id_XMzQxMTcwNTA4.html{=====}View===start
2012-10-26 16:50:40: 17{=====}85292627{=====}ViewList===start
2012-10-26 16:50:40: 17{=====}http://v.youku.com/v_show/id_XODM5MzA1NTY=.html{=====}View===start
2012-10-26 16:50:40: 17{=====}20982639{=====}ViewList===start
2012-10-26 16:50:40: 17{=====}http://v.youku.com/v_show/id_XMzUwNzk2NDA4.html{=====}View===start
2012-10-26 16:50:41: 17{=====}87699102{=====}ViewList===start
2012-10-26 16:50:41: 17{=====}http://v.youku.com/v_show/id_XMTQ4NTIzNzYw.html{=====}View===start
2012-10-26 16:50:42: 17{=====}37130940{=====}ViewList===start
2012-10-26 16:50:42: 17{=====}http://v.youku.com/v_show/id_XMzU3NTY5MDgw.html{=====}View===start
2012-10-26 16:50:43: 17{=====}89392270{=====}ViewList===start
2012-10-26 16:50:43: 17{=====}http://v.youku.com/v_show/id_XMzQ5ODc1MDg=.html{=====}View===start
2012-10-26 16:50:43: 17{=====}8746877{=====}ViewList===start
2012-10-26 16:50:43: 17{=====}http://v.youku.com/v_show/id_XMzI0OTQ4NDQ4.html{=====}View===start
2012-10-26 16:50:44: 17{=====}81237112{=====}ViewList===start
2012-10-26 16:50:44: 17{=====}http://v.youku.com/v_show/id_XMjA1NjkxMjQ4.html{=====}View===start
2012-10-26 16:50:45: 17{=====}51422812{=====}ViewList===start
2012-10-26 16:50:45: 17{=====}http://movie.youku.com/search/index2/_page63561_34_cmodid_63561{=====}end
2012-10-26 16:50:47: {=====}1{=====}Project===start
2012-10-26 16:50:47: 17{=====}1{=====}Project===start===1
2012-10-26 17:37:57: {=====}{=====}Project===start
2012-10-26 17:37:57: 17{=====}0{=====}Project===start===1
2012-10-26 17:37:57: 17{=====}http://movie.youku.com/search/index2/_page63561_34_cmodid_63561{=====}start
2012-10-26 17:37:58: 17{=====}http://movie.youku.com/search/index2/_page63561_34_cmodid_63561{=====}List===start
2012-10-26 17:37:58: 17{=====}movie.youku.com/search/index2/_page63561_34_cmodid_63561{=====}View===start
2012-10-26 17:37:59: 17{=====}http://v.youku.com/v_show/id_XMjU4NTk5MjAw.html{=====}View===start
2012-10-26 17:37:59: 17{=====}64649800{=====}ViewList===start
2012-10-26 17:37:59: 17{=====}http://v.youku.com/v_show/id_XMTY4NzM5ODc2.html{=====}View===start
2012-10-26 17:38:00: 17{=====}42184969{=====}ViewList===start
2012-10-26 17:38:00: 17{=====}http://v.youku.com/v_show/id_XMzQxMTEyMTky.html{=====}View===start
2012-10-26 17:38:01: 17{=====}85278048{=====}ViewList===start
2012-10-26 17:38:01: 17{=====}http://v.youku.com/v_show/id_XMTQ2MzgxMTQ0.html{=====}View===start
2012-10-26 17:38:01: 17{=====}36595286{=====}ViewList===start
2012-10-26 17:38:01: 17{=====}http://v.youku.com/v_show/id_XMzI3ODMxMjI0.html{=====}View===start
2012-10-26 17:38:02: 17{=====}81957806{=====}ViewList===start
2012-10-26 17:38:02: 17{=====}http://v.youku.com/v_show/id_XMTY4NjM5OTA0.html{=====}View===start
2012-10-26 17:38:03: 17{=====}42159976{=====}ViewList===start
2012-10-26 17:38:03: 17{=====}http://v.youku.com/v_show/id_XMzMwODQzNzMy.html{=====}View===start
2012-10-26 17:38:03: 17{=====}82710933{=====}ViewList===start
2012-10-26 17:38:03: 17{=====}http://v.youku.com/v_show/id_XMTk3MjI3MTE2.html{=====}View===start
2012-10-26 17:38:04: 17{=====}49306779{=====}ViewList===start
2012-10-26 17:38:04: 17{=====}http://v.youku.com/v_show/id_XMTg5NDE5Njc2.html{=====}View===start
2012-10-26 17:38:05: 17{=====}47354919{=====}ViewList===start
2012-10-26 17:38:05: 17{=====}http://v.youku.com/v_show/id_XMTExMjc0NDQ=.html{=====}View===start
2012-10-26 17:38:05: 17{=====}2781861{=====}ViewList===start
2012-10-26 17:38:05: 17{=====}http://v.youku.com/v_show/id_XMzQxNDU2NTY0.html{=====}View===start
2012-10-26 17:38:06: 17{=====}85364141{=====}ViewList===start
2012-10-26 17:38:06: 17{=====}http://v.youku.com/v_show/id_XMzQzMzY0NTY4.html{=====}View===start
2012-10-26 17:38:06: 17{=====}85841142{=====}ViewList===start
2012-10-26 17:38:06: 17{=====}http://v.youku.com/v_show/id_XMTA4NDI3Njg=.html{=====}View===start
2012-10-26 17:38:07: 17{=====}2710692{=====}ViewList===start
2012-10-26 17:38:07: 17{=====}http://v.youku.com/v_show/id_XNDQ0NjQxMzA4.html{=====}View===start
2012-10-26 17:38:07: 17{=====}111160327{=====}ViewList===start
2012-10-26 17:38:07: 17{=====}http://v.youku.com/v_show/id_XMjU4NjE1MDgw.html{=====}View===start
2012-10-26 17:38:08: 17{=====}64653770{=====}ViewList===start
2012-10-26 17:38:08: 17{=====}http://v.youku.com/v_show/id_XMjA1Njc4NTE2.html{=====}View===start
2012-10-26 17:38:08: 17{=====}51419629{=====}ViewList===start
2012-10-26 17:38:08: 17{=====}http://v.youku.com/v_show/id_XMzI2MTQ0MzI=.html{=====}View===start
2012-10-26 17:38:09: 17{=====}8153608{=====}ViewList===start
2012-10-26 17:38:09: 17{=====}http://v.youku.com/v_show/id_XMTAzNTMwMTIw.html{=====}View===start
2012-10-26 17:38:10: 17{=====}25882530{=====}ViewList===start
2012-10-26 17:38:10: 17{=====}http://v.youku.com/v_show/id_XMzU3ODYwMjcy.html{=====}View===start
2012-10-26 17:38:11: 17{=====}89465068{=====}ViewList===start
2012-10-26 17:38:11: 17{=====}http://v.youku.com/v_show/id_XMTg5NDIwMTg4.html{=====}View===start
2012-10-26 17:38:11: 17{=====}47355047{=====}ViewList===start
2012-10-26 17:38:11: 17{=====}http://v.youku.com/v_show/id_XMTE3ODU1NjA4.html{=====}View===start
2012-10-26 17:38:12: 17{=====}29463902{=====}ViewList===start
2012-10-26 17:38:12: 17{=====}http://v.youku.com/v_show/id_XMzIzNjUyNDQ4.html{=====}View===start
2012-10-26 17:38:13: 17{=====}80913112{=====}ViewList===start
2012-10-26 17:38:13: 17{=====}http://v.youku.com/v_show/id_XMzQ0MDA4ODE2.html{=====}View===start
2012-10-26 17:38:14: 17{=====}86002204{=====}ViewList===start
2012-10-26 17:38:14: 17{=====}http://v.youku.com/v_show/id_XMzMwNzgwNjI4.html{=====}View===start
2012-10-26 17:38:14: 17{=====}82695157{=====}ViewList===start
2012-10-26 17:38:14: 17{=====}http://v.youku.com/v_show/id_XMTMwODY3NTQw.html{=====}View===start
2012-10-26 17:38:15: 17{=====}32716885{=====}ViewList===start
2012-10-26 17:38:15: 17{=====}http://v.youku.com/v_show/id_XMTU2OTg0MjA=.html{=====}View===start
2012-10-26 17:38:16: 17{=====}3924605{=====}ViewList===start
2012-10-26 17:38:16: 17{=====}http://v.youku.com/v_show/id_XMTg5NDAzMDky.html{=====}View===start
2012-10-26 17:38:16: 17{=====}47350773{=====}ViewList===start
2012-10-26 17:38:16: 17{=====}http://v.youku.com/v_show/id_XMjkxNTgwMDAw.html{=====}View===start
2012-10-26 17:38:17: 17{=====}72895000{=====}ViewList===start
2012-10-26 17:38:17: 17{=====}http://v.youku.com/v_show/id_XMjc2MTI5Njgw.html{=====}View===start
2012-10-26 17:38:18: 17{=====}69032420{=====}ViewList===start
2012-10-26 17:38:18: 17{=====}http://v.youku.com/v_show/id_XMzY1MjU1NjA4.html{=====}View===start
2012-10-26 17:38:18: 17{=====}91313902{=====}ViewList===start
2012-10-26 17:38:18: 17{=====}http://movie.youku.com/search/index2/_page63561_34_cmodid_63561{=====}end
2012-10-26 17:38:20: {=====}1{=====}Project===start
2012-10-26 17:38:20: 17{=====}1{=====}Project===start===1
2012-10-26 17:39:23: {=====}{=====}Project===start
2012-10-26 17:39:23: 17{=====}0{=====}Project===start===1
2012-10-26 17:39:23: 17{=====}http://movie.youku.com/search/index2/_page63561_34_cmodid_63561{=====}start
2012-10-26 17:39:24: 17{=====}http://movie.youku.com/search/index2/_page63561_34_cmodid_63561{=====}List===start
2012-10-26 17:39:24: 17{=====}movie.youku.com/search/index2/_page63561_34_cmodid_63561{=====}View===start
2012-10-26 17:39:24: 17{=====}http://v.youku.com/v_show/id_XMjU4NTk5MjAw.html{=====}View===start
2012-10-26 17:39:25: 17{=====}64649800{=====}ViewList===start
2012-10-26 17:39:25: 17{=====}http://v.youku.com/v_show/id_XMTY4NzM5ODc2.html{=====}View===start
2012-10-26 17:39:25: 17{=====}42184969{=====}ViewList===start
2012-10-26 17:39:26: 17{=====}http://v.youku.com/v_show/id_XMzQxMTEyMTky.html{=====}View===start
2012-10-26 17:39:26: 17{=====}85278048{=====}ViewList===start
2012-10-26 17:39:26: 17{=====}http://v.youku.com/v_show/id_XMTQ2MzgxMTQ0.html{=====}View===start
2012-10-26 17:39:26: 17{=====}36595286{=====}ViewList===start
2012-10-26 17:39:26: 17{=====}http://v.youku.com/v_show/id_XMzI3ODMxMjI0.html{=====}View===start
2012-10-26 17:39:27: 17{=====}81957806{=====}ViewList===start
2012-10-26 17:39:27: 17{=====}http://v.youku.com/v_show/id_XMTY4NjM5OTA0.html{=====}View===start
2012-10-26 17:39:28: 17{=====}42159976{=====}ViewList===start
2012-10-26 17:39:28: 17{=====}http://v.youku.com/v_show/id_XMzMwODQzNzMy.html{=====}View===start
2012-10-26 17:39:28: 17{=====}82710933{=====}ViewList===start
2012-10-26 17:39:28: 17{=====}http://v.youku.com/v_show/id_XMTk3MjI3MTE2.html{=====}View===start
2012-10-26 17:39:29: 17{=====}49306779{=====}ViewList===start
2012-10-26 17:39:29: 17{=====}http://v.youku.com/v_show/id_XMTg5NDE5Njc2.html{=====}View===start
2012-10-26 17:39:30: 17{=====}47354919{=====}ViewList===start
2012-10-26 17:39:30: 17{=====}http://v.youku.com/v_show/id_XMTExMjc0NDQ=.html{=====}View===start
2012-10-26 17:39:30: 17{=====}2781861{=====}ViewList===start
2012-10-26 17:39:30: 17{=====}http://v.youku.com/v_show/id_XMzQxNDU2NTY0.html{=====}View===start
2012-10-26 17:39:31: 17{=====}85364141{=====}ViewList===start
2012-10-26 17:39:31: 17{=====}http://v.youku.com/v_show/id_XMzQzMzY0NTY4.html{=====}View===start
2012-10-26 17:39:32: 17{=====}85841142{=====}ViewList===start
2012-10-26 17:39:32: 17{=====}http://v.youku.com/v_show/id_XMTA4NDI3Njg=.html{=====}View===start
2012-10-26 17:39:33: 17{=====}2710692{=====}ViewList===start
2012-10-26 17:39:33: 17{=====}http://v.youku.com/v_show/id_XNDQ0NjQxMzA4.html{=====}View===start
2012-10-26 17:39:33: 17{=====}111160327{=====}ViewList===start
2012-10-26 17:39:33: 17{=====}http://v.youku.com/v_show/id_XMjU4NjE1MDgw.html{=====}View===start
2012-10-26 17:39:34: 17{=====}64653770{=====}ViewList===start
2012-10-26 17:39:34: 17{=====}http://v.youku.com/v_show/id_XMjA1Njc4NTE2.html{=====}View===start
2012-10-26 17:39:35: 17{=====}51419629{=====}ViewList===start
2012-10-26 17:39:35: 17{=====}http://v.youku.com/v_show/id_XMzI2MTQ0MzI=.html{=====}View===start
2012-10-26 17:39:35: 17{=====}8153608{=====}ViewList===start
2012-10-26 17:39:35: 17{=====}http://v.youku.com/v_show/id_XMTAzNTMwMTIw.html{=====}View===start
2012-10-26 17:39:36: 17{=====}25882530{=====}ViewList===start
2012-10-26 17:39:36: 17{=====}http://v.youku.com/v_show/id_XMzU3ODYwMjcy.html{=====}View===start
2012-10-26 17:39:36: 17{=====}89465068{=====}ViewList===start
2012-10-26 17:39:36: 17{=====}http://v.youku.com/v_show/id_XMTg5NDIwMTg4.html{=====}View===start
2012-10-26 17:39:37: 17{=====}47355047{=====}ViewList===start
2012-10-26 17:39:37: 17{=====}http://v.youku.com/v_show/id_XMTE3ODU1NjA4.html{=====}View===start
2012-10-26 17:39:38: 17{=====}29463902{=====}ViewList===start
2012-10-26 17:39:38: 17{=====}http://v.youku.com/v_show/id_XMzIzNjUyNDQ4.html{=====}View===start
2012-10-26 17:39:38: 17{=====}80913112{=====}ViewList===start
2012-10-26 17:39:38: 17{=====}http://v.youku.com/v_show/id_XMzQ0MDA4ODE2.html{=====}View===start
2012-10-26 17:39:39: 17{=====}86002204{=====}ViewList===start
2012-10-26 17:39:39: 17{=====}http://v.youku.com/v_show/id_XMzMwNzgwNjI4.html{=====}View===start
2012-10-26 17:39:39: 17{=====}82695157{=====}ViewList===start
2012-10-26 17:39:39: 17{=====}http://v.youku.com/v_show/id_XMTMwODY3NTQw.html{=====}View===start
2012-10-26 17:39:39: 17{=====}32716885{=====}ViewList===start
2012-10-26 17:39:39: 17{=====}http://v.youku.com/v_show/id_XMTU2OTg0MjA=.html{=====}View===start
2012-10-26 17:39:40: 17{=====}3924605{=====}ViewList===start
2012-10-26 17:39:40: 17{=====}http://v.youku.com/v_show/id_XMTg5NDAzMDky.html{=====}View===start
2012-10-26 17:39:40: 17{=====}47350773{=====}ViewList===start
2012-10-26 17:39:40: 17{=====}http://v.youku.com/v_show/id_XMjkxNTgwMDAw.html{=====}View===start
2012-10-26 17:39:41: 17{=====}72895000{=====}ViewList===start
2012-10-26 17:39:41: 17{=====}http://v.youku.com/v_show/id_XMjc2MTI5Njgw.html{=====}View===start
2012-10-26 17:39:42: 17{=====}69032420{=====}ViewList===start
2012-10-26 17:39:42: 17{=====}http://v.youku.com/v_show/id_XMzY1MjU1NjA4.html{=====}View===start
2012-10-26 17:39:42: 17{=====}91313902{=====}ViewList===start
2012-10-26 17:39:42: 17{=====}http://movie.youku.com/search/index2/_page63561_34_cmodid_63561{=====}end
2012-10-26 17:39:44: {=====}1{=====}Project===start
2012-10-26 17:39:44: 17{=====}1{=====}Project===start===1
2012-10-29 12:44:36: {=====}{=====}Project===start
2012-10-29 12:44:36: 16{=====}0{=====}Project===start===1
2012-10-29 12:44:36: 16{=====}http://so.letv.com/list/c1_t-1_a-1_y-1_f-1_at1_o1_i-1_p22.html{=====}start
2012-10-29 12:44:38: 16{=====}http://so.letv.com/list/c1_t-1_a-1_y-1_f-1_at1_o1_i-1_p22.html{=====}List===start
2012-10-29 12:44:38: 16{=====}http://www.letv.com/ptv/pplay/46897/1.html{=====}View===start
2012-10-29 12:44:38: 16{=====}1351968{=====}ViewList===start
2012-10-29 12:44:39: 16{=====}http://www.letv.com/ptv/pplay/46976/1.html{=====}View===start
2012-10-29 12:44:39: 16{=====}1352446{=====}ViewList===start
2012-10-29 12:44:39: 16{=====}http://www.letv.com/ptv/pplay/46883/1.html{=====}View===start
2012-10-29 12:44:40: 16{=====}1351245{=====}ViewList===start
2012-10-29 12:44:40: 16{=====}http://www.letv.com/ptv/pplay/34750/1.html{=====}View===start
2012-10-29 12:44:41: 16{=====}1060874{=====}ViewList===start
2012-10-29 12:44:41: 16{=====}http://www.letv.com/ptv/pplay/46898/1.html{=====}View===start
2012-10-29 12:44:42: 16{=====}1351971{=====}ViewList===start
2012-10-29 12:44:42: 16{=====}http://www.letv.com/ptv/pplay/46815/1.html{=====}View===start
2012-10-29 12:44:42: 16{=====}1351976{=====}ViewList===start
2012-10-29 12:44:42: 16{=====}http://www.letv.com/ptv/pplay/46846/1.html{=====}View===start
2012-10-29 12:44:42: 16{=====}1352430{=====}ViewList===start
2012-10-29 12:44:42: 16{=====}http://www.letv.com/ptv/pplay/79325/1.html{=====}View===start
2012-10-29 12:44:44: 16{=====}1660956{=====}ViewList===start
2012-10-29 12:44:44: 16{=====}http://www.letv.com/ptv/pplay/76071/1.html{=====}View===start
2012-10-29 12:44:44: 16{=====}1595813{=====}ViewList===start
2012-10-29 12:44:44: 16{=====}http://www.letv.com/ptv/pplay/79296/1.html{=====}View===start
2012-10-29 12:44:45: 16{=====}1659277{=====}ViewList===start
2012-10-29 12:44:45: 16{=====}http://www.letv.com/ptv/pplay/19799/1.html{=====}View===start
2012-10-29 12:44:45: 16{=====}641375{=====}ViewList===start
2012-10-29 12:44:45: 16{=====}http://www.letv.com/ptv/pplay/47295/1.html{=====}View===start
2012-10-29 12:44:46: 16{=====}1455727{=====}ViewList===start
2012-10-29 12:44:46: 16{=====}http://www.letv.com/ptv/pplay/76069/1.html{=====}View===start
2012-10-29 12:44:46: 16{=====}1599829{=====}ViewList===start
2012-10-29 12:44:46: 16{=====}http://www.letv.com/ptv/pplay/76082/1.html{=====}View===start
2012-10-29 12:44:47: 16{=====}1574588{=====}ViewList===start
2012-10-29 12:44:47: 16{=====}http://www.letv.com/ptv/pplay/43260/1.html{=====}View===start
2012-10-29 12:44:48: 16{=====}1227291{=====}ViewList===start
2012-10-29 12:44:48: 16{=====}http://so.letv.com/list/c1_t-1_a-1_y-1_f-1_at1_o1_i-1_p22.html{=====}end
2012-10-29 12:44:50: {=====}1{=====}Project===start
2012-10-29 12:44:50: 16{=====}1{=====}Project===start===1
