2012/09/17 14:41:57 [error] [exception.CHttpException.404] exception 'CHttpException' with message 'Unable to resolve the request "register".' in E:\SourceCode\php\ijoyplus\yii\framework\web\CWebApplication.php:280
Stack trace:
#0 E:\SourceCode\php\ijoyplus\yii\framework\web\CWebApplication.php(135): CWebApplication->runController('register')
#1 E:\SourceCode\php\ijoyplus\yii\framework\base\CApplication.php(162): CWebApplication->processRequest()
#2 E:\SourceCode\php\ijoyplus\ijoyplusservice\index.php(13): CApplication->run()
#3 {main}
REQUEST_URI=/index.php/register?app_key=ijoyplus_android_0001&username=11133&password=ddee&email=
---
2012/09/17 14:42:46 [error] [exception.CHttpException.404] exception 'CHttpException' with message 'Unable to resolve the request "register".' in E:\SourceCode\php\ijoyplus\yii\framework\web\CWebApplication.php:280
Stack trace:
#0 E:\SourceCode\php\ijoyplus\yii\framework\web\CWebApplication.php(135): CWebApplication->runController('register')
#1 E:\SourceCode\php\ijoyplus\yii\framework\base\CApplication.php(162): CWebApplication->processRequest()
#2 E:\SourceCode\php\ijoyplus\ijoyplusservice\index.php(13): CApplication->run()
#3 {main}
REQUEST_URI=/index.php/register?app_key=ijoyplus_android_0001&username=11133&password=ddee&email=
---
2012/09/17 14:43:04 [error] [php] Undefined variable: id (E:\SourceCode\php\ijoyplus\ijoyplusservice\protected\models\User.php:54)
Stack trace:
#0 E:\SourceCode\php\ijoyplus\ijoyplusservice\protected\controllers\AccountController.php(131): IjoyplusWebUser->login()
#1 E:\SourceCode\php\ijoyplus\yii\framework\web\actions\CInlineAction.php(50): AccountController->actionRegister()
#2 E:\SourceCode\php\ijoyplus\yii\framework\web\CController.php(309): CInlineAction->runWithParams()
#3 E:\SourceCode\php\ijoyplus\yii\framework\web\CController.php(287): AccountController->runAction()
#4 E:\SourceCode\php\ijoyplus\yii\framework\web\CController.php(266): AccountController->runActionWithFilters()
#5 E:\SourceCode\php\ijoyplus\yii\framework\web\CWebApplication.php(276): AccountController->run()
#6 E:\SourceCode\php\ijoyplus\yii\framework\web\CWebApplication.php(135): CWebApplication->runController()
#7 E:\SourceCode\php\ijoyplus\yii\framework\base\CApplication.php(162): CWebApplication->processRequest()
#8 E:\SourceCode\php\ijoyplus\ijoyplusservice\index.php(13): CWebApplication->run()
REQUEST_URI=/index.php/account/register?app_key=ijoyplus_android_0001&username=11133&password=ddee&email=
in E:\SourceCode\php\ijoyplus\ijoyplusservice\protected\models\User.php (54)
in E:\SourceCode\php\ijoyplus\ijoyplusservice\protected\components\IjoyplusWebUser.php (7)
in E:\SourceCode\php\ijoyplus\ijoyplusservice\protected\controllers\AccountController.php (131)
2012/09/17 14:44:14 [error] [exception.CHttpException.404] exception 'CHttpException' with message 'Unable to resolve the request "register".' in E:\SourceCode\php\ijoyplus\yii\framework\web\CWebApplication.php:280
Stack trace:
#0 E:\SourceCode\php\ijoyplus\yii\framework\web\CWebApplication.php(135): CWebApplication->runController('register')
#1 E:\SourceCode\php\ijoyplus\yii\framework\base\CApplication.php(162): CWebApplication->processRequest()
#2 E:\SourceCode\php\ijoyplus\ijoyplusservice\index.php(13): CApplication->run()
#3 {main}
REQUEST_URI=/index.php/register?app_key=ijoyplus_android_0001&username=11133&password=ddee&email=
---
2012/09/17 14:44:31 [error] [php] Undefined variable: id (E:\SourceCode\php\ijoyplus\ijoyplusservice\protected\models\User.php:54)
Stack trace:
#0 E:\SourceCode\php\ijoyplus\ijoyplusservice\protected\controllers\AccountController.php(132): IjoyplusWebUser->login()
#1 E:\SourceCode\php\ijoyplus\yii\framework\web\actions\CInlineAction.php(50): AccountController->actionRegister()
#2 E:\SourceCode\php\ijoyplus\yii\framework\web\CController.php(309): CInlineAction->runWithParams()
#3 E:\SourceCode\php\ijoyplus\yii\framework\web\CController.php(287): AccountController->runAction()
#4 E:\SourceCode\php\ijoyplus\yii\framework\web\CController.php(266): AccountController->runActionWithFilters()
#5 E:\SourceCode\php\ijoyplus\yii\framework\web\CWebApplication.php(276): AccountController->run()
#6 E:\SourceCode\php\ijoyplus\yii\framework\web\CWebApplication.php(135): CWebApplication->runController()
#7 E:\SourceCode\php\ijoyplus\yii\framework\base\CApplication.php(162): CWebApplication->processRequest()
#8 E:\SourceCode\php\ijoyplus\ijoyplusservice\index.php(13): CWebApplication->run()
REQUEST_URI=/index.php/account/register?app_key=ijoyplus_android_0001&username=1113333&password=ddee&email=
in E:\SourceCode\php\ijoyplus\ijoyplusservice\protected\models\User.php (54)
in E:\SourceCode\php\ijoyplus\ijoyplusservice\protected\components\IjoyplusWebUser.php (7)
in E:\SourceCode\php\ijoyplus\ijoyplusservice\protected\controllers\AccountController.php (132)
2012/09/17 15:33:51 [error] [php] Undefined variable: code (E:\SourceCode\php\ijoyplus\ijoyplusservice\protected\controllers\AccountController.php:68)
Stack trace:
#0 E:\SourceCode\php\ijoyplus\yii\framework\web\CController.php(287): AccountController->runAction()
#1 E:\SourceCode\php\ijoyplus\yii\framework\web\CController.php(266): AccountController->runActionWithFilters()
#2 E:\SourceCode\php\ijoyplus\yii\framework\web\CWebApplication.php(276): AccountController->run()
#3 E:\SourceCode\php\ijoyplus\yii\framework\web\CWebApplication.php(135): CWebApplication->runController()
#4 E:\SourceCode\php\ijoyplus\yii\framework\base\CApplication.php(162): CWebApplication->processRequest()
#5 E:\SourceCode\php\ijoyplus\ijoyplusservice\index.php(13): CWebApplication->run()
REQUEST_URI=/index.php/account/bindAccount?app_key=ijoyplus_android_0001&source=2&source_id=5555
in E:\SourceCode\php\ijoyplus\ijoyplusservice\protected\controllers\AccountController.php (68)
in E:\SourceCode\php\ijoyplus\ijoyplusservice\index.php (13)
2012/09/17 15:40:37 [error] [php] Undefined variable: source (E:\SourceCode\php\ijoyplus\ijoyplusservice\protected\models\User.php:84)
Stack trace:
#0 E:\SourceCode\php\ijoyplus\yii\framework\web\CController.php(309): CInlineAction->runWithParams()
#1 E:\SourceCode\php\ijoyplus\yii\framework\web\CController.php(287): AccountController->runAction()
#2 E:\SourceCode\php\ijoyplus\yii\framework\web\CController.php(266): AccountController->runActionWithFilters()
#3 E:\SourceCode\php\ijoyplus\yii\framework\web\CWebApplication.php(276): AccountController->run()
#4 E:\SourceCode\php\ijoyplus\yii\framework\web\CWebApplication.php(135): CWebApplication->runController()
#5 E:\SourceCode\php\ijoyplus\yii\framework\base\CApplication.php(162): CWebApplication->processRequest()
#6 E:\SourceCode\php\ijoyplus\ijoyplusservice\index.php(13): CWebApplication->run()
REQUEST_URI=/index.php/account/unbindAccount?app_key=ijoyplus_android_0001&source_type=3&source_id=5555
in E:\SourceCode\php\ijoyplus\ijoyplusservice\protected\models\User.php (84)
in E:\SourceCode\php\ijoyplus\ijoyplusservice\protected\controllers\AccountController.php (88)
in E:\SourceCode\php\ijoyplus\ijoyplusservice\index.php (13)
2012/09/17 15:42:33 [error] [php] Use of undefined constant source_type - assumed 'source_type' (E:\SourceCode\php\ijoyplus\ijoyplusservice\protected\controllers\AccountController.php:86)
Stack trace:
#0 E:\SourceCode\php\ijoyplus\yii\framework\web\CController.php(287): AccountController->runAction()
#1 E:\SourceCode\php\ijoyplus\yii\framework\web\CController.php(266): AccountController->runActionWithFilters()
#2 E:\SourceCode\php\ijoyplus\yii\framework\web\CWebApplication.php(276): AccountController->run()
#3 E:\SourceCode\php\ijoyplus\yii\framework\web\CWebApplication.php(135): CWebApplication->runController()
#4 E:\SourceCode\php\ijoyplus\yii\framework\base\CApplication.php(162): CWebApplication->processRequest()
#5 E:\SourceCode\php\ijoyplus\ijoyplusservice\index.php(13): CWebApplication->run()
REQUEST_URI=/index.php/account/unbindAccount?app_key=ijoyplus_android_0001&source_type=3&source_id=5555
in E:\SourceCode\php\ijoyplus\ijoyplusservice\protected\controllers\AccountController.php (86)
in E:\SourceCode\php\ijoyplus\ijoyplusservice\index.php (13)
