2012-10-30 16:38:25: {=====}{=====}Project===start
2012-10-30 16:38:26: 16{=====}0{=====}Project===start===1
2012-10-30 16:38:26: 16{=====}http://so.letv.com/list/c1_t-1_a-1_y-1_f-1_at1_o1_i-1_p22.html{=====}start
2012-10-30 16:38:28: 16{=====}http://so.letv.com/list/c1_t-1_a-1_y-1_f-1_at1_o1_i-1_p22.html{=====}List===start
2012-10-30 16:38:29: 16{=====}http://www.letv.com/ptv/pplay/46881/1.html{=====}View===start
2012-10-30 16:38:30: 16{=====}1355383{=====}ViewList===start
2012-10-30 16:38:30: 16{=====}http://www.letv.com/ptv/pplay/43483/1.html{=====}View===start
2012-10-30 16:38:33: 16{=====}1232647{=====}ViewList===start
2012-10-30 16:38:33: 16{=====}http://www.letv.com/ptv/pplay/46897/1.html{=====}View===start
2012-10-30 16:38:35: 16{=====}1351968{=====}ViewList===start
2012-10-30 16:38:35: 16{=====}http://www.letv.com/ptv/pplay/46976/1.html{=====}View===start
2012-10-30 16:38:38: 16{=====}1352446{=====}ViewList===start
2012-10-30 16:38:38: 16{=====}http://www.letv.com/ptv/pplay/46883/1.html{=====}View===start
2012-10-30 16:38:39: 16{=====}1351245{=====}ViewList===start
2012-10-30 16:38:39: 16{=====}http://www.letv.com/ptv/pplay/34750/1.html{=====}View===start
2012-10-30 16:38:42: 16{=====}1060874{=====}ViewList===start
2012-10-30 16:38:42: 16{=====}http://www.letv.com/ptv/pplay/46898/1.html{=====}View===start
2012-10-30 16:38:44: 16{=====}1351971{=====}ViewList===start
2012-10-30 16:38:44: 16{=====}http://www.letv.com/ptv/pplay/46815/1.html{=====}View===start
2012-10-30 16:38:46: 16{=====}1351976{=====}ViewList===start
2012-10-30 16:38:47: 16{=====}http://www.letv.com/ptv/pplay/46846/1.html{=====}View===start
2012-10-30 16:38:48: 16{=====}1352430{=====}ViewList===start
2012-10-30 16:38:48: 16{=====}http://www.letv.com/ptv/pplay/79325/1.html{=====}View===start
2012-10-30 16:38:49: 16{=====}1660956{=====}ViewList===start
2012-10-30 16:38:49: 16{=====}http://www.letv.com/ptv/pplay/76071/1.html{=====}View===start
2012-10-30 16:38:50: 16{=====}1595813{=====}ViewList===start
2012-10-30 16:38:50: 16{=====}http://www.letv.com/ptv/pplay/79296/1.html{=====}View===start
2012-10-30 16:38:51: 16{=====}1659277{=====}ViewList===start
2012-10-30 16:38:51: 16{=====}http://www.letv.com/ptv/pplay/19799/1.html{=====}View===start
2012-10-30 16:38:52: 16{=====}641375{=====}ViewList===start
2012-10-30 16:38:52: 16{=====}http://www.letv.com/ptv/pplay/47295/1.html{=====}View===start
2012-10-30 16:38:53: 16{=====}1455727{=====}ViewList===start
2012-10-30 16:38:53: 16{=====}http://www.letv.com/ptv/pplay/76069/1.html{=====}View===start
2012-10-30 16:38:54: 16{=====}1599829{=====}ViewList===start
2012-10-30 16:38:54: 16{=====}http://so.letv.com/list/c1_t-1_a-1_y-1_f-1_at1_o1_i-1_p22.html{=====}end
2012-10-30 16:38:56: {=====}1{=====}Project===start
2012-10-30 16:38:56: 16{=====}1{=====}Project===start===1
2012-10-30 16:40:44: {=====}{=====}Project===start
2012-10-30 16:40:44: 16{=====}0{=====}Project===start===1
2012-10-30 16:40:44: 16{=====}http://so.letv.com/list/c1_t-1_a-1_y-1_f-1_at1_o1_i-1_p22.html{=====}start
2012-10-30 16:40:44: 16{=====}http://so.letv.com/list/c1_t-1_a-1_y-1_f-1_at1_o1_i-1_p22.html{=====}List===start
2012-10-30 16:40:44: 16{=====}http://www.letv.com/ptv/pplay/46881/1.html{=====}View===start
2012-10-30 16:40:45: 16{=====}1355383{=====}ViewList===start
2012-10-30 16:40:45: 16{=====}http://www.letv.com/ptv/pplay/43483/1.html{=====}View===start
2012-10-30 16:40:47: 16{=====}1232647{=====}ViewList===start
2012-10-30 16:40:47: 16{=====}http://www.letv.com/ptv/pplay/46897/1.html{=====}View===start
2012-10-30 16:40:48: 16{=====}1351968{=====}ViewList===start
2012-10-30 16:40:48: 16{=====}http://www.letv.com/ptv/pplay/46976/1.html{=====}View===start
2012-10-30 16:40:49: 16{=====}1352446{=====}ViewList===start
2012-10-30 16:40:49: 16{=====}http://www.letv.com/ptv/pplay/46883/1.html{=====}View===start
2012-10-30 16:40:50: 16{=====}1351245{=====}ViewList===start
2012-10-30 16:40:50: 16{=====}http://www.letv.com/ptv/pplay/34750/1.html{=====}View===start
2012-10-30 16:40:51: 16{=====}1060874{=====}ViewList===start
2012-10-30 16:40:51: 16{=====}http://www.letv.com/ptv/pplay/46898/1.html{=====}View===start
2012-10-30 16:40:52: 16{=====}1351971{=====}ViewList===start
2012-10-30 16:40:52: 16{=====}http://www.letv.com/ptv/pplay/46815/1.html{=====}View===start
2012-10-30 16:40:55: 16{=====}1351976{=====}ViewList===start
2012-10-30 16:40:55: 16{=====}http://www.letv.com/ptv/pplay/46846/1.html{=====}View===start
2012-10-30 16:40:56: 16{=====}1352430{=====}ViewList===start
2012-10-30 16:40:56: 16{=====}http://www.letv.com/ptv/pplay/79325/1.html{=====}View===start
2012-10-30 16:40:57: 16{=====}1660956{=====}ViewList===start
2012-10-30 16:40:57: 16{=====}http://www.letv.com/ptv/pplay/76071/1.html{=====}View===start
2012-10-30 16:40:58: 16{=====}1595813{=====}ViewList===start
2012-10-30 16:40:58: 16{=====}http://www.letv.com/ptv/pplay/79296/1.html{=====}View===start
2012-10-30 16:40:59: 16{=====}1659277{=====}ViewList===start
2012-10-30 16:40:59: 16{=====}http://www.letv.com/ptv/pplay/19799/1.html{=====}View===start
2012-10-30 16:41:00: 16{=====}641375{=====}ViewList===start
2012-10-30 16:41:00: 16{=====}http://www.letv.com/ptv/pplay/47295/1.html{=====}View===start
2012-10-30 16:41:01: 16{=====}1455727{=====}ViewList===start
2012-10-30 16:41:01: 16{=====}http://www.letv.com/ptv/pplay/76069/1.html{=====}View===start
2012-10-30 16:41:02: 16{=====}1599829{=====}ViewList===start
2012-10-30 16:41:02: 16{=====}http://so.letv.com/list/c1_t-1_a-1_y-1_f-1_at1_o1_i-1_p22.html{=====}end
2012-10-30 16:41:04: {=====}1{=====}Project===start
2012-10-30 16:41:04: 16{=====}1{=====}Project===start===1
2012-10-30 18:14:54: {=====}{=====}Project===start
2012-10-30 18:14:54: 21{=====}0{=====}Project===start===1
2012-10-30 18:14:54: 21{=====}http://movie.tudou.com/albumtop/c22t-1v-1z-1a-1y-1h-1s0p1.html{=====}start
2012-10-30 18:14:55: 21{=====}http://movie.tudou.com/albumtop/c22t-1v-1z-1a-1y-1h-1s0p1.html{=====}List===start
2012-10-30 18:14:55: 21{=====}movie.tudou.com/albumtop{=====}View===start
2012-10-30 18:14:55: 21{=====}http://www.tudou.com/albumcover/UfhWcxgFMpw.html{=====}View===start
2012-10-30 18:14:56: 21{=====}功夫梦：功夫梦dvd"href="http://www.tudou.com/albumplay/UfhWcxgFMpw.html{=====}ViewList===start
2012-10-30 18:14:58: 21{=====}http://www.tudou.com/albumcover/GJqm1EnlTnU.html{=====}View===start
2012-10-30 18:14:58: 21{=====}欣月童话：欣月童话"href="http://www.tudou.com/albumplay/GJqm1EnlTnU.html{=====}ViewList===start
2012-10-30 18:15:02: 21{=====}http://www.tudou.com/albumcover/ey8ZeH9G65c.html{=====}View===start
2012-10-30 18:15:02: 21{=====}秘密韩国版：秘密的眼泪"href="http://www.tudou.com/albumplay/ey8ZeH9G65c.html{=====}ViewList===start
2012-10-30 18:15:03: 21{=====}http://www.tudou.com/albumcover/SYhXlIl_Gsc.html{=====}View===start
2012-10-30 18:15:04: 21{=====}我在黑社会的日子：【HYL】周润发电影全集【我在黑社会的日子】国语版"href="http://www.tudou.com/albumplay/SYhXlIl_Gsc.html{=====}ViewList===start
2012-10-30 18:15:04: 21{=====}http://www.tudou.com/albumcover/_upE0vR6-_w.html{=====}View===start
2012-10-30 18:15:05: 21{=====}特警雄威：精彩故事片《特警雄威》"href="http://www.tudou.com/albumplay/_upE0vR6-_w.html{=====}ViewList===start
2012-10-30 18:15:05: 21{=====}http://www.tudou.com/albumcover/B8AjznJ97HQ.html{=====}View===start
2012-10-30 18:15:09: 21{=====}疾走韩国版：疾走"href="http://www.tudou.com/albumplay/B8AjznJ97HQ.html{=====}ViewList===start
2012-10-30 18:15:09: 21{=====}http://www.tudou.com/albumcover/X3FXHgKJn3E.html{=====}View===start
2012-10-30 18:15:10: 21{=====}山楂树之恋：山楂树之恋"href="http://www.tudou.com/albumplay/X3FXHgKJn3E.html{=====}ViewList===start
2012-10-30 18:15:11: 21{=====}http://www.tudou.com/albumcover/UDrlghc6UQg.html{=====}View===start
2012-10-30 18:15:11: 21{=====}无毒不丈夫：无毒不丈夫"href="http://www.tudou.com/albumplay/UDrlghc6UQg.html{=====}ViewList===start
2012-10-30 18:15:12: 21{=====}http://www.tudou.com/albumcover/I8lOhPr6fWU.html{=====}View===start
2012-10-30 18:15:12: 21{=====}无间道长：无间道长"href="http://www.tudou.com/albumplay/I8lOhPr6fWU.html{=====}ViewList===start
2012-10-30 18:15:14: 21{=====}http://www.tudou.com/albumcover/NI-FOHmG37w.html{=====}View===start
2012-10-30 18:15:14: 21{=====}Hello!树先生：Hello树先生"href="http://www.tudou.com/albumplay/NI-FOHmG37w.html{=====}ViewList===start
2012-10-30 18:15:15: 21{=====}http://www.tudou.com/albumcover/6XK43cYCGRQ.html{=====}View===start
2012-10-30 18:15:15: 21{=====}保持冷静：保持冷静"href="http://www.tudou.com/albumplay/6XK43cYCGRQ.html{=====}ViewList===start
2012-10-30 18:15:16: 21{=====}http://www.tudou.com/albumcover/nEjs63d5zRU.html{=====}View===start
2012-10-30 18:15:17: 21{=====}赵氏孤儿：赵氏孤儿"href="http://www.tudou.com/albumplay/nEjs63d5zRU.html{=====}ViewList===start
2012-10-30 18:15:19: 21{=====}http://www.tudou.com/albumcover/hoJXWw7j4UI.html{=====}View===start
2012-10-30 18:15:19: 21{=====}贼性：贼性"href="http://www.tudou.com/albumplay/hoJXWw7j4UI.html{=====}ViewList===start
2012-10-30 18:15:20: 21{=====}http://www.tudou.com/albumcover/bGfOa3sYl7U.html{=====}View===start
2012-10-30 18:15:20: 21{=====}美女武士：美女武士"href="http://www.tudou.com/albumplay/bGfOa3sYl7U.html{=====}ViewList===start
2012-10-30 18:15:21: 21{=====}http://www.tudou.com/albumcover/jVAT78Yk6DI.html{=====}View===start
2012-10-30 18:15:22: 21{=====}女儿红：女儿红"href="http://www.tudou.com/albumplay/jVAT78Yk6DI.html{=====}ViewList===start
2012-10-30 18:15:23: 21{=====}http://www.tudou.com/albumcover/kA8xTCoQEWM.html{=====}View===start
2012-10-30 18:15:23: 21{=====}皇家女将：洪金宝喜剧《皇家女将》DVD国语"href="http://www.tudou.com/albumplay/kA8xTCoQEWM.html{=====}ViewList===start
2012-10-30 18:15:24: 21{=====}http://www.tudou.com/albumcover/e0MoC4ykZdk.html{=====}View===start
2012-10-30 18:15:25: 21{=====}剽悍少年：剽悍少年"href="http://www.tudou.com/albumplay/e0MoC4ykZdk.html{=====}ViewList===start
2012-10-30 18:15:26: 21{=====}http://www.tudou.com/albumcover/_2u0Rdse7Ds.html{=====}View===start
2012-10-30 18:15:26: 21{=====}无止境的杀人：无止境的杀人"href="http://www.tudou.com/albumplay/_2u0Rdse7Ds.html{=====}ViewList===start
2012-10-30 18:15:32: 21{=====}http://www.tudou.com/albumcover/-Z5wr9PFEH8.html{=====}View===start
2012-10-30 18:15:33: 21{=====}蒂博一家：蒂博一家1"href="http://www.tudou.com/albumplay/-Z5wr9PFEH8.html{=====}ViewList===start
2012-10-30 18:15:37: 21{=====}蒂博一家：蒂博一家2"href="http://www.tudou.com/albumplay/-Z5wr9PFEH8/5DyLA0PEkFs.html{=====}ViewList===start
2012-10-30 18:15:43: 21{=====}蒂博一家：蒂博一家3_1"href="http://www.tudou.com/albumplay/-Z5wr9PFEH8/60jY6NVJOcg.html{=====}ViewList===start
2012-10-30 18:15:45: 21{=====}蒂博一家：蒂博一家4_1"href="http://www.tudou.com/albumplay/-Z5wr9PFEH8/paYrplcQQdE.html{=====}ViewList===start
2012-10-30 18:15:47: 21{=====}http://www.tudou.com/albumcover/DgqtrMi5vl0.html{=====}View===start
2012-10-30 18:15:47: 21{=====}非常绑匪：非常绑匪"href="http://www.tudou.com/albumplay/DgqtrMi5vl0.html{=====}ViewList===start
2012-10-30 18:15:52: 21{=====}http://www.tudou.com/albumcover/NV_XGhHIkwU.html{=====}View===start
2012-10-30 18:15:52: 21{=====}Hold住爱：Hold住爱"href="http://www.tudou.com/albumplay/NV_XGhHIkwU.html{=====}ViewList===start
2012-10-30 18:15:56: 21{=====}http://www.tudou.com/albumcover/GEBkdj7LJsA.html{=====}View===start
2012-10-30 18:15:57: 21{=====}笔仙-梅婷版：笔仙"href="http://www.tudou.com/albumplay/GEBkdj7LJsA.html{=====}ViewList===start
2012-10-30 18:16:00: 21{=====}http://www.tudou.com/albumcover/dk2-gn5vLVI.html{=====}View===start
2012-10-30 18:16:00: 21{=====}雅典娜之无间谍局：雅典娜"href="http://www.tudou.com/albumplay/dk2-gn5vLVI.html{=====}ViewList===start
2012-10-30 18:16:04: 21{=====}http://www.tudou.com/albumcover/d063d4kcQBs.html{=====}View===start
2012-10-30 18:16:04: 21{=====}毕业那年：毕业那年"href="http://www.tudou.com/albumplay/d063d4kcQBs.html{=====}ViewList===start
2012-10-30 18:16:05: 21{=====}http://www.tudou.com/albumcover/oP9mHVvz32E.html{=====}View===start
2012-10-30 18:16:05: 21{=====}赛尔号之雷伊与迈尔斯：赛尔号"href="http://www.tudou.com/albumplay/oP9mHVvz32E.html{=====}ViewList===start
2012-10-30 18:16:06: 21{=====}http://movie.tudou.com/albumtop/c22t-1v-1z-1a-1y-1h-1s0p1.html{=====}end
2012-10-30 18:16:13: {=====}1{=====}Project===start
2012-10-30 18:16:13: 21{=====}1{=====}Project===start===1
