2012-10-30 18:14:55: 21{=====}movie.tudou.com/albumtop{=====}http://movie.tudou.com/albumtop/c22t-1v-1z-1a-1y-1h-1s0p1.html
2012-11-01 17:07:15: 21{=====}http://movie.tudou.com/albumtop/c22t-1v-1z-1a-1y-1h-1s0p1.html
2012-11-04 13:47:12: 21{=====}movie.tudou.com/albumtop{=====}http://movie.tudou.com/albumtop/c22t-1v-1z-1a-1y-1h-1s0p1.html
2012-11-04 13:48:48: 21{=====}movie.tudou.com/albumtop{=====}http://movie.tudou.com/albumtop/c22t-1v-1z-1a-1y-1h-1s0p1.html
2012-11-04 13:49:51: 21{=====}movie.tudou.com/albumtop{=====}http://movie.tudou.com/albumtop/c22t-1v-1z-1a-1y-1h-1s0p1.html
2012-11-19 16:02:07: 19{=====}www.youku.com/v_olist{=====}http://www.youku.com/v_olist/c_85_a__s__g__r__lg__im__st__mt__tg__d_1_et_0_fv_0_fl__fc__fe__o_7_p_7.html
2012-11-19 16:15:15: 19{=====}www.youku.com/v_olist{=====}http://www.youku.com/v_olist/c_85_a__s__g__r__lg__im__st__mt__tg__d_1_et_0_fv_0_fl__fc__fe__o_7_p_6.html
2012-11-19 17:08:20: 19{=====}http://www.youku.com/show_page/id_z7e25495200f311df97c0.html{=====}http://www.youku.com/v_olist/c_85_a__s__g__r__lg__im__st__mt__tg__d_1_et_0_fv_0_fl__fc__fe__o_7_p_6.html
2012-11-19 17:17:30: 19{=====}www.youku.com/v_olist{=====}http://www.youku.com/v_olist/c_85_a__s__g__r__lg__im__st__mt__tg__d_1_et_0_fv_0_fl__fc__fe__o_7_p_5.html
2012-11-19 18:40:31: 19{=====}www.youku.com/v_olist{=====}http://www.youku.com/v_olist/c_85_a__s__g__r__lg__im__st__mt__tg__d_1_et_0_fv_0_fl__fc__fe__o_7_p_4.html
2012-11-19 19:22:14: 19{=====}http://www.youku.com/show_page/id_z3342356606c311e2b16f.html{=====}http://www.youku.com/v_olist/c_85_a__s__g__r__lg__im__st__mt__tg__d_1_et_0_fv_0_fl__fc__fe__o_7_p_4.html
2012-11-19 19:37:57: 19{=====}http://www.youku.com/show_page/id_za40879c0000b11df97c0.html{=====}http://www.youku.com/v_olist/c_85_a__s__g__r__lg__im__st__mt__tg__d_1_et_0_fv_0_fl__fc__fe__o_7_p_4.html
2012-11-19 19:53:00: 19{=====}www.youku.com/v_olist{=====}http://www.youku.com/v_olist/c_85_a__s__g__r__lg__im__st__mt__tg__d_1_et_0_fv_0_fl__fc__fe__o_7_p_3.html
2012-11-19 21:02:42: 19{=====}www.youku.com/v_olist{=====}http://www.youku.com/v_olist/c_85_a__s__g__r__lg__im__st__mt__tg__d_1_et_0_fv_0_fl__fc__fe__o_7_p_3.html
2012-11-19 22:16:57: 19{=====}www.youku.com/v_olist{=====}http://www.youku.com/v_olist/c_85_a__s__g__r__lg__im__st__mt__tg__d_1_et_0_fv_0_fl__fc__fe__o_7_p_2.html
2012-11-19 22:44:34: 19{=====}http://www.youku.com/show_page/id_z9cfbe28619ec11e29498.html{=====}http://www.youku.com/v_olist/c_85_a__s__g__r__lg__im__st__mt__tg__d_1_et_0_fv_0_fl__fc__fe__o_7_p_2.html
2012-11-19 23:32:21: 19{=====}www.youku.com/v_olist{=====}http://www.youku.com/v_olist/c_85_a__s__g__r__lg__im__st__mt__tg__d_1_et_0_fv_0_fl__fc__fe__o_7_p_1.html
2012-11-20 12:40:33: 8{=====}so.letv.com/list{=====}http://so.letv.com/list/c11_t-1_a-1_y-1_f-1_at-1_o1_i-1_p1.html
2012-11-20 12:45:09: 19{=====}www.youku.com/v_olist{=====}http://www.youku.com/v_olist/c_85_a__s__g__r__lg__im__st__mt__tg__d_1_et_0_fv_0_fl__fc__fe__o_7_p_1.html
2012-11-20 13:00:18: {=====}
2012-11-20 13:01:04: {=====}
2012-11-20 13:15:11: {=====}
2012-11-20 13:15:31: {=====}
2012-11-20 13:35:29: 7{=====}http://so.letv.com/film/82679.html{=====}http://so.letv.com/list/c1_t-1_a-1_y-1_f-1_at1_o1_i-1_p11.html
2012-11-20 13:37:42: 7{=====}http://so.letv.com/film/81832.html{=====}http://so.letv.com/list/c1_t-1_a-1_y-1_f-1_at1_o1_i-1_p13.html
2012-11-20 13:49:33: {=====}
2012-11-20 13:55:19: 7{=====}http://so.letv.com/film/82679.html{=====}http://so.letv.com/list/c1_t-1_a-1_y-1_f-1_at1_o1_i-1_p11.html
