2012-11-02 20:39:28: 1_1{=====}Project===start
2012-11-02 20:39:28: 1采集提示","采集项目ID不能为空!1
2012-11-02 20:39:40: 1_3{=====}Project===start
2012-11-02 20:39:40: 3采集提示","采集项目ID不能为空!1
2012-11-02 21:26:15: 1_3{=====}Project===start
2012-11-02 21:26:15: 采集提示","采集项目ID不能为空!1
2012-11-02 21:26:38: 1_3{=====}Project===start
2012-11-02 21:26:38: 1{=====}http://tv.youku.com/search/index/_page40177__cmodid_40177{=====}start
2012-11-02 21:26:38: 1{=====}http://tv.youku.com/search/index/_page40177__cmodid_40177{=====}end
2012-11-02 21:27:22: 1_1-3{=====}Project===start
2012-11-02 21:27:22: 1{=====}http://tv.youku.com/search/index/_page40177_1_cmodid_40177{=====}start
2012-11-02 21:27:22: 1{=====}http://tv.youku.com/search/index/_page40177_1_cmodid_40177{=====}end
2012-11-02 21:27:22: 1{=====}http://tv.youku.com/search/index/_page40177_2_cmodid_40177{=====}start
2012-11-02 21:27:22: 1{=====}http://tv.youku.com/search/index/_page40177_2_cmodid_40177{=====}end
2012-11-02 21:27:22: 1{=====}http://tv.youku.com/search/index/_page40177_3_cmodid_40177{=====}start
2012-11-02 21:27:22: 1{=====}http://tv.youku.com/search/index/_page40177_3_cmodid_40177{=====}end
2012-11-02 21:27:35: 1_1{=====}Project===start
2012-11-02 21:27:35: 1{=====}http://tv.youku.com/search/index/_page40177__cmodid_40177{=====}start
2012-11-02 21:27:35: 1{=====}http://tv.youku.com/search/index/_page40177__cmodid_40177{=====}end
2012-11-02 21:28:02: 1_1{=====}Project===start
2012-11-02 21:28:02: 1{=====}http://tv.youku.com/search/index/_page40177__cmodid_40177{=====}start
2012-11-02 21:28:02: 1{=====}http://tv.youku.com/search/index/_page40177__cmodid_40177{=====}end
2012-11-02 21:28:24: 1_1,2{=====}Project===start
2012-11-02 21:28:24: 1{=====}http://tv.youku.com/search/index/_page40177__cmodid_40177{=====}start
2012-11-02 21:28:24: 1{=====}http://tv.youku.com/search/index/_page40177__cmodid_40177{=====}end
2012-11-02 21:28:24: 1{=====}http://tv.youku.com/search/index/_page40177_2_cmodid_40177{=====}start
2012-11-02 21:28:24: 1{=====}http://tv.youku.com/search/index/_page40177_2_cmodid_40177{=====}end
2012-11-02 21:28:43: 1_1,2{=====}Project===start
2012-11-02 21:28:43: 1{=====}http://tv.youku.com/search/index/_page40177_1_cmodid_40177{=====}start
2012-11-02 21:28:43: 1{=====}http://tv.youku.com/search/index/_page40177_1_cmodid_40177{=====}end
2012-11-02 21:28:43: 1{=====}http://tv.youku.com/search/index/_page40177_2_cmodid_40177{=====}start
2012-11-02 21:28:43: 1{=====}http://tv.youku.com/search/index/_page40177_2_cmodid_40177{=====}end
2012-11-02 21:28:51: 1_1{=====}Project===start
2012-11-02 21:28:51: 1{=====}http://tv.youku.com/search/index/_page40177_1_cmodid_40177{=====}start
2012-11-02 21:28:51: 1{=====}http://tv.youku.com/search/index/_page40177_1_cmodid_40177{=====}end
2012-11-02 21:29:02: 1{=====}Project===start
2012-11-02 21:29:02: 1{=====}http://tv.youku.com/search/index/_page40177_1_cmodid_40177{=====}start
2012-11-02 21:29:02: 1{=====}http://tv.youku.com/search/index/_page40177_1_cmodid_40177{=====}end
