2013-07-01 13:28:32: loginame:{};action:{};referce:{}.request:{/manager/};parameters POST:{[]}
2013-07-01 13:32:42: loginame:{dale};action:{};referce:{http://cmsdev.ijoyplus.tv/manager/index.php?action=check}.request:{/manager/index.php};parameters POST:{[]}
2013-07-01 13:32:42: loginame:{dale};action:{wel};referce:{http://cmsdev.ijoyplus.tv/manager/index.php}.request:{/manager/index.php?action=wel};parameters POST:{[]}
2013-07-01 13:32:46: loginame:{dale};action:{};referce:{http://cmsdev.ijoyplus.tv/manager/index.php}.request:{/manager/admin_vod.php};parameters POST:{[]}
2013-07-01 13:32:55: loginame:{dale};action:{};referce:{http://cmsdev.ijoyplus.tv/manager/index.php}.request:{/manager/admin_vod_feedback.php};parameters POST:{[]}
2013-07-01 13:32:59: loginame:{dale};action:{};referce:{http://cmsdev.ijoyplus.tv/manager/admin_vod_feedback.php}.request:{/manager/admin_vod_feedback.php?feedback_type=9&status=-1&client=0};parameters POST:{[]}
2013-07-01 13:33:02: loginame:{dale};action:{view};referce:{http://cmsdev.ijoyplus.tv/manager/admin_vod_feedback.php?feedback_type=9&status=-1&client=0}.request:{/manager/admin_vod_feedback.php?action=view&id=973128};parameters POST:{[]}
2013-07-01 13:33:21: loginame:{dale};action:{};referce:{http://cmsdev.ijoyplus.tv/manager/admin_vod_feedback.php}.request:{/manager/admin_vod_feedback.php?feedback_type=9&status=-1&client=0};parameters POST:{[]}
2013-07-01 13:33:25: loginame:{dale};action:{};referce:{http://cmsdev.ijoyplus.tv/manager/admin_vod_feedback.php?feedback_type=9&status=-1&client=0}.request:{/manager/admin_vod_feedback.php?feedback_type=8&status=-1&client=0};parameters POST:{[]}
2013-07-01 13:33:28: loginame:{dale};action:{view};referce:{http://cmsdev.ijoyplus.tv/manager/admin_vod_feedback.php?feedback_type=8&status=-1&client=0}.request:{/manager/admin_vod_feedback.php?action=view&id=983219};parameters POST:{[]}
2013-07-01 13:59:45: loginame:{dale};action:{};referce:{http://cmsdev.ijoyplus.tv/manager/index.php}.request:{/manager/admin_vod_feedback.php};parameters POST:{[]}
2013-07-01 13:59:50: loginame:{dale};action:{};referce:{http://cmsdev.ijoyplus.tv/manager/admin_vod_feedback.php}.request:{/manager/admin_vod_feedback.php?feedback_type=1&status=-1&client=2};parameters POST:{[]}
2013-07-01 13:59:58: loginame:{dale};action:{};referce:{http://cmsdev.ijoyplus.tv/manager/index.php}.request:{/manager/admin_vod_feedback.php};parameters POST:{[]}
2013-07-01 14:00:34: loginame:{dale};action:{};referce:{http://cmsdev.ijoyplus.tv/manager/index.php}.request:{/manager/admin_vod_feedback.php};parameters POST:{[]}
2013-07-01 18:45:51: loginame:{dale};action:{};referce:{}.request:{/manager/index.php};parameters POST:{[]}
2013-07-01 18:45:54: loginame:{dale};action:{wel};referce:{http://cmsdev.ijoyplus.tv/manager/index.php}.request:{/manager/index.php?action=wel};parameters POST:{[]}
2013-07-01 18:47:15: loginame:{dale};action:{};referce:{http://cmsdev.ijoyplus.tv/manager/index.php}.request:{/manager/admin_vod.php};parameters POST:{[]}
2013-07-01 18:47:18: loginame:{dale};action:{};referce:{http://cmsdev.ijoyplus.tv/manager/admin_vod.php}.request:{/manager/admin_vod.php?can_search_device=&d_douban_id=0&keyword_col=&d_status=-1&sort=desc&select_videourl_play=-1&douban_comment=0&keyword=&stype=0&topic=0&select_weburl=0&select_videourl=0&level=0&order=d_time&sserver=&sstate=0&from=&spic=0&hide=-1&douban_score=0&ipadpic=0};parameters POST:{[]}
2013-07-01 18:47:56: loginame:{dale};action:{};referce:{}.request:{/manager/index.php};parameters POST:{[]}
2013-07-01 18:47:56: loginame:{dale};action:{wel};referce:{http://cmsdev.ijoyplus.tv/manager/index.php}.request:{/manager/index.php?action=wel};parameters POST:{[]}
2013-07-01 18:47:58: loginame:{dale};action:{};referce:{http://cmsdev.ijoyplus.tv/manager/index.php}.request:{/manager/admin_vod.php};parameters POST:{[]}
2013-07-01 18:48:00: loginame:{dale};action:{};referce:{http://cmsdev.ijoyplus.tv/manager/index.php}.request:{/manager/admin_manager.php};parameters POST:{[]}
2013-07-01 18:48:02: loginame:{dale};action:{};referce:{http://cmsdev.ijoyplus.tv/manager/index.php}.request:{/manager/admin_maccj.php};parameters POST:{[]}
2013-07-01 18:48:03: loginame:{dale};action:{};referce:{http://cmsdev.ijoyplus.tv/manager/index.php}.request:{/manager/admin_subscribe.php};parameters POST:{[]}
2013-07-01 18:48:04: loginame:{dale};action:{};referce:{http://cmsdev.ijoyplus.tv/manager/index.php}.request:{/manager/admin_apk_category.php};parameters POST:{[]}
2013-07-01 18:48:05: loginame:{dale};action:{};referce:{http://cmsdev.ijoyplus.tv/manager/index.php}.request:{/manager/admin_apk_company.php};parameters POST:{[]}
2013-07-01 18:48:36: loginame:{dale};action:{wel};referce:{http://cmsdev.ijoyplus.tv/manager/index.php}.request:{/manager/index.php?action=wel};parameters POST:{[]}
2013-07-01 18:52:38: loginame:{dale};action:{};referce:{http://cmsdev.ijoyplus.tv/manager/index.php?action=check}.request:{/manager/index.php};parameters POST:{[]}
2013-07-01 18:52:39: loginame:{dale};action:{wel};referce:{http://cmsdev.ijoyplus.tv/manager/index.php}.request:{/manager/index.php?action=wel};parameters POST:{[]}
2013-07-01 19:28:21: loginame:{dale};action:{};referce:{}.request:{/manager/index.php};parameters POST:{[]}
2013-07-01 19:28:22: loginame:{dale};action:{wel};referce:{http://cmsdev.ijoyplus.tv/manager/index.php}.request:{/manager/index.php?action=wel};parameters POST:{[]}
2013-07-01 19:29:06: loginame:{dale};action:{};referce:{http://cmsdev.ijoyplus.tv/manager/index.php}.request:{/manager/admin_config.php};parameters POST:{[]}
